生成启动时间为 2014/12/3 17:43:04。
     1>项目“C:\Users\Administrator\Documents\GitHub\magical-engine\source\magical-engine\proj-win32\magical-engine.vcxproj”在节点 2 上(Build 个目标)。
     1>InitializeBuildStatus:
         正在创建“win32-release\magical-engine.tlog\unsuccessfulbuild”，因为已指定“AlwaysCreate”。
       ClCompile:
         所有输出均为最新。
         所有输出均为最新。
       PreLinkEvent:
         if not exist "C:\Users\Administrator\Documents\GitHub\magical-engine\source\bin\win32-release\" mkdir "C:\Users\Administrator\Documents\GitHub\magical-engine\source\bin\win32-release\"
         xcopy /Y /Q "C:\Users\Administrator\Documents\GitHub\magical-engine\source\magical-libs\glfw3\libs\win32\32\*.*" "C:\Users\Administrator\Documents\GitHub\magical-engine\source\bin\win32-release\"
         xcopy /Y /Q "C:\Users\Administrator\Documents\GitHub\magical-engine\source\magical-libs\glew\libs\win32\32\*.*" "C:\Users\Administrator\Documents\GitHub\magical-engine\source\bin\win32-release\"
         :VCEnd
         复制了 1 个文件
         复制了 2 个文件
       Lib:
         所有输出均为最新。
         magical-engine.vcxproj -> C:\Users\Administrator\Documents\GitHub\magical-engine\source\bin\win32-release\magical-engine.lib
       FinalizeBuildStatus:
         正在删除文件“win32-release\magical-engine.tlog\unsuccessfulbuild”。
         正在对“win32-release\magical-engine.tlog\magical-engine.lastbuildstate”执行 Touch 任务。
     1>已完成生成项目“C:\Users\Administrator\Documents\GitHub\magical-engine\source\magical-engine\proj-win32\magical-engine.vcxproj”(Build 个目标)的操作。

生成成功。

已用时间 00:00:00.39
